<?xml version="1.0" encoding="UTF-8"?>
<testng-results total="10" passed="8" failed="2" skipped="0">
  <reporter-output>
  </reporter-output>
  <suite started-at="2021-04-08T06:31:49Z" name="Default suite" finished-at="2021-04-08T06:33:31Z" duration-ms="101975">
    <groups>
      <group name="group2">
        <method signature="Main.addtocart()[pri:0, instance:Mainclass.Main@235ecd9f]" name="addtocart" class="Mainclass.Main"/>
        <method signature="Main.checkbox()[pri:0, instance:Mainclass.Main@235ecd9f]" name="checkbox" class="Mainclass.Main"/>
        <method signature="Main.driverclose()[pri:0, instance:Mainclass.Main@235ecd9f]" name="driverclose" class="Mainclass.Main"/>
        <method signature="Main.removeitem()[pri:0, instance:Mainclass.Main@235ecd9f]" name="removeitem" class="Mainclass.Main"/>
        <method signature="Main.selectproduct()[pri:0, instance:Mainclass.Main@235ecd9f]" name="selectproduct" class="Mainclass.Main"/>
        <method signature="Main.setup()[pri:0, instance:Mainclass.Main@235ecd9f]" name="setup" class="Mainclass.Main"/>
        <method signature="Main.title()[pri:0, instance:Mainclass.Main@235ecd9f]" name="title" class="Mainclass.Main"/>
        <method signature="Main.viewcart()[pri:0, instance:Mainclass.Main@235ecd9f]" name="viewcart" class="Mainclass.Main"/>
      </group> <!-- group2 -->
      <group name="group1">
        <method signature="Main.addtocart()[pri:0, instance:Mainclass.Main@235ecd9f]" name="addtocart" class="Mainclass.Main"/>
        <method signature="Main.checkbox()[pri:0, instance:Mainclass.Main@235ecd9f]" name="checkbox" class="Mainclass.Main"/>
        <method signature="Main.driverclose()[pri:0, instance:Mainclass.Main@235ecd9f]" name="driverclose" class="Mainclass.Main"/>
        <method signature="Main.log()[pri:0, instance:Mainclass.Main@235ecd9f]" name="log" class="Mainclass.Main"/>
        <method signature="Main.removeitem()[pri:0, instance:Mainclass.Main@235ecd9f]" name="removeitem" class="Mainclass.Main"/>
        <method signature="Main.selectproduct()[pri:0, instance:Mainclass.Main@235ecd9f]" name="selectproduct" class="Mainclass.Main"/>
        <method signature="Main.setup()[pri:0, instance:Mainclass.Main@235ecd9f]" name="setup" class="Mainclass.Main"/>
        <method signature="Main.signout()[pri:0, instance:Mainclass.Main@235ecd9f]" name="signout" class="Mainclass.Main"/>
        <method signature="Main.title()[pri:0, instance:Mainclass.Main@235ecd9f]" name="title" class="Mainclass.Main"/>
        <method signature="Main.viewcart()[pri:0, instance:Mainclass.Main@235ecd9f]" name="viewcart" class="Mainclass.Main"/>
      </group> <!-- group1 -->
    </groups>
    <test started-at="2021-04-08T06:31:49Z" name="Default test" finished-at="2021-04-08T06:33:31Z" duration-ms="101975">
      <class name="Mainclass.Main">
        <test-method is-config="true" signature="startTest()[pri:0, instance:Mainclass.Main@235ecd9f]" started-at="2021-04-08T12:01:49Z" name="startTest" finished-at="2021-04-08T12:01:49Z" duration-ms="108" status="PASS">
          <reporter-output>
          </reporter-output>
        </test-method> <!-- startTest -->
        <test-method signature="setup()[pri:0, instance:Mainclass.Main@235ecd9f]" started-at="2021-04-08T12:01:49Z" name="setup" finished-at="2021-04-08T12:01:56Z" duration-ms="7414" status="PASS">
          <reporter-output>
          </reporter-output>
        </test-method> <!-- setup -->
        <test-method signature="log()[pri:0, instance:Mainclass.Main@235ecd9f]" started-at="2021-04-08T12:01:56Z" name="log" finished-at="2021-04-08T12:02:13Z" duration-ms="16039" status="FAIL">
          <exception class="org.openqa.selenium.ElementNotInteractableException">
            <message>
              <![CDATA[element not interactable
  (Session info: chrome=89.0.4389.114)
Build info: version: '3.141.59', revision: 'e82be7d358', time: '2018-11-14T08:17:03'
System info: host: 'DESKTOP-PB6R7TP', ip: '192.168.1.5', os.name: 'Windows 10', os.arch: 'amd64', os.version: '10.0', java.version: '15.0.2'
Driver info: org.openqa.selenium.chrome.ChromeDriver
Capabilities {acceptInsecureCerts: false, browserName: chrome, browserVersion: 89.0.4389.114, chrome: {chromedriverVersion: 89.0.4389.23 (61b08ee2c5002..., userDataDir: C:\Users\Bhavani\AppData\Lo...}, goog:chromeOptions: {debuggerAddress: localhost:49991}, javascriptEnabled: true, networkConnectionEnabled: false, pageLoadStrategy: normal, platform: WINDOWS, platformName: WINDOWS, proxy: Proxy(), setWindowRect: true, strictFileInteractability: false, timeouts: {implicit: 0, pageLoad: 300000, script: 30000}, unhandledPromptBehavior: dismiss and notify, webauthn:extension:largeBlob: true, webauthn:virtualAuthenticators: true}
Session ID: 821f3aa1b8d0c7844172404608e126f7]]>
            </message>
            <full-stacktrace>
              <![CDATA[org.openqa.selenium.ElementNotInteractableException: element not interactable
  (Session info: chrome=89.0.4389.114)
Build info: version: '3.141.59', revision: 'e82be7d358', time: '2018-11-14T08:17:03'
System info: host: 'DESKTOP-PB6R7TP', ip: '192.168.1.5', os.name: 'Windows 10', os.arch: 'amd64', os.version: '10.0', java.version: '15.0.2'
Driver info: org.openqa.selenium.chrome.ChromeDriver
Capabilities {acceptInsecureCerts: false, browserName: chrome, browserVersion: 89.0.4389.114, chrome: {chromedriverVersion: 89.0.4389.23 (61b08ee2c5002..., userDataDir: C:\Users\Bhavani\AppData\Lo...}, goog:chromeOptions: {debuggerAddress: localhost:49991}, javascriptEnabled: true, networkConnectionEnabled: false, pageLoadStrategy: normal, platform: WINDOWS, platformName: WINDOWS, proxy: Proxy(), setWindowRect: true, strictFileInteractability: false, timeouts: {implicit: 0, pageLoad: 300000, script: 30000}, unhandledPromptBehavior: dismiss and notify, webauthn:extension:largeBlob: true, webauthn:virtualAuthenticators: true}
Session ID: 821f3aa1b8d0c7844172404608e126f7
	at java.base/jdk.internal.reflect.NativeConstructorAccessorImpl.newInstance0(Native Method)
	at java.base/jdk.internal.reflect.NativeConstructorAccessorImpl.newInstance(NativeConstructorAccessorImpl.java:64)
	at java.base/jdk.internal.reflect.DelegatingConstructorAccessorImpl.newInstance(DelegatingConstructorAccessorImpl.java:45)
	at java.base/java.lang.reflect.Constructor.newInstanceWithCaller(Constructor.java:500)
	at java.base/java.lang.reflect.Constructor.newInstance(Constructor.java:481)
	at org.openqa.selenium.remote.http.W3CHttpResponseCodec.createException(W3CHttpResponseCodec.java:187)
	at org.openqa.selenium.remote.http.W3CHttpResponseCodec.decode(W3CHttpResponseCodec.java:122)
	at org.openqa.selenium.remote.http.W3CHttpResponseCodec.decode(W3CHttpResponseCodec.java:49)
	at org.openqa.selenium.remote.HttpCommandExecutor.execute(HttpCommandExecutor.java:158)
	at org.openqa.selenium.remote.service.DriverCommandExecutor.execute(DriverCommandExecutor.java:83)
	at org.openqa.selenium.remote.RemoteWebDriver.execute(RemoteWebDriver.java:552)
	at org.openqa.selenium.remote.RemoteWebElement.execute(RemoteWebElement.java:285)
	at org.openqa.selenium.remote.RemoteWebElement.click(RemoteWebElement.java:84)
	at java.base/jdk.internal.reflect.NativeMethodAccessorImpl.invoke0(Native Method)
	at java.base/jdk.internal.reflect.NativeMethodAccessorImpl.invoke(NativeMethodAccessorImpl.java:64)
	at java.base/jdk.internal.reflect.DelegatingMethodAccessorImpl.invoke(DelegatingMethodAccessorImpl.java:43)
	at java.base/java.lang.reflect.Method.invoke(Method.java:564)
	at org.openqa.selenium.support.pagefactory.internal.LocatingElementHandler.invoke(LocatingElementHandler.java:51)
	at com.sun.proxy.$Proxy13.click(Unknown Source)
	at Mainclass.Main.log(Main.java:60)
	at java.base/jdk.internal.reflect.NativeMethodAccessorImpl.invoke0(Native Method)
	at java.base/jdk.internal.reflect.NativeMethodAccessorImpl.invoke(NativeMethodAccessorImpl.java:64)
	at java.base/jdk.internal.reflect.DelegatingMethodAccessorImpl.invoke(DelegatingMethodAccessorImpl.java:43)
	at java.base/java.lang.reflect.Method.invoke(Method.java:564)
	at org.testng.internal.MethodInvocationHelper.invokeMethod(MethodInvocationHelper.java:80)
	at org.testng.internal.Invoker.invokeMethod(Invoker.java:714)
	at org.testng.internal.Invoker.invokeTestMethod(Invoker.java:901)
	at org.testng.internal.Invoker.invokeTestMethods(Invoker.java:1231)
	at org.testng.internal.TestMethodWorker.invokeTestMethods(TestMethodWorker.java:127)
	at org.testng.internal.TestMethodWorker.run(TestMethodWorker.java:111)
	at org.testng.TestRunner.privateRun(TestRunner.java:767)
	at org.testng.TestRunner.run(TestRunner.java:617)
	at org.testng.SuiteRunner.runTest(SuiteRunner.java:334)
	at org.testng.SuiteRunner.runSequentially(SuiteRunner.java:329)
	at org.testng.SuiteRunner.privateRun(SuiteRunner.java:291)
	at org.testng.SuiteRunner.run(SuiteRunner.java:240)
	at org.testng.SuiteRunnerWorker.runSuite(SuiteRunnerWorker.java:52)
	at org.testng.SuiteRunnerWorker.run(SuiteRunnerWorker.java:86)
	at org.testng.TestNG.runSuitesSequentially(TestNG.java:1198)
	at org.testng.TestNG.runSuitesLocally(TestNG.java:1123)
	at org.testng.TestNG.run(TestNG.java:1031)
	at org.testng.remote.AbstractRemoteTestNG.run(AbstractRemoteTestNG.java:115)
	at org.testng.remote.RemoteTestNG.initAndRun(RemoteTestNG.java:251)
	at org.testng.remote.RemoteTestNG.main(RemoteTestNG.java:77)
]]>
            </full-stacktrace>
          </exception> <!-- org.openqa.selenium.ElementNotInteractableException -->
          <reporter-output>
          </reporter-output>
        </test-method> <!-- log -->
        <test-method signature="title()[pri:0, instance:Mainclass.Main@235ecd9f]" started-at="2021-04-08T12:02:13Z" name="title" finished-at="2021-04-08T12:02:25Z" duration-ms="12678" status="PASS">
          <reporter-output>
          </reporter-output>
        </test-method> <!-- title -->
        <test-method signature="selectproduct()[pri:0, instance:Mainclass.Main@235ecd9f]" started-at="2021-04-08T12:02:25Z" name="selectproduct" finished-at="2021-04-08T12:02:43Z" duration-ms="17571" status="PASS">
          <reporter-output>
          </reporter-output>
        </test-method> <!-- selectproduct -->
        <test-method signature="checkbox()[pri:0, instance:Mainclass.Main@235ecd9f]" started-at="2021-04-08T12:02:43Z" name="checkbox" finished-at="2021-04-08T12:02:53Z" duration-ms="10165" status="PASS">
          <reporter-output>
          </reporter-output>
        </test-method> <!-- checkbox -->
        <test-method signature="addtocart()[pri:0, instance:Mainclass.Main@235ecd9f]" started-at="2021-04-08T12:02:53Z" name="addtocart" finished-at="2021-04-08T12:03:10Z" duration-ms="17087" status="PASS">
          <reporter-output>
          </reporter-output>
        </test-method> <!-- addtocart -->
        <test-method signature="viewcart()[pri:0, instance:Mainclass.Main@235ecd9f]" started-at="2021-04-08T12:03:10Z" name="viewcart" finished-at="2021-04-08T12:03:15Z" duration-ms="4859" status="PASS">
          <reporter-output>
          </reporter-output>
        </test-method> <!-- viewcart -->
        <test-method signature="removeitem()[pri:0, instance:Mainclass.Main@235ecd9f]" started-at="2021-04-08T12:03:15Z" name="removeitem" finished-at="2021-04-08T12:03:15Z" duration-ms="392" status="PASS">
          <reporter-output>
          </reporter-output>
        </test-method> <!-- removeitem -->
        <test-method signature="signout()[pri:0, instance:Mainclass.Main@235ecd9f]" started-at="2021-04-08T12:03:15Z" name="signout" finished-at="2021-04-08T12:03:30Z" duration-ms="14699" status="FAIL">
          <exception class="org.openqa.selenium.NoSuchElementException">
            <message>
              <![CDATA[Cannot locate an element using xpath=//a[contains(text(),'Sign Out')]
For documentation on this error, please visit: https://www.seleniumhq.org/exceptions/no_such_element.html
Build info: version: '3.141.59', revision: 'e82be7d358', time: '2018-11-14T08:17:03'
System info: host: 'DESKTOP-PB6R7TP', ip: '192.168.1.5', os.name: 'Windows 10', os.arch: 'amd64', os.version: '10.0', java.version: '15.0.2'
Driver info: driver.version: RemoteWebDriver]]>
            </message>
            <full-stacktrace>
              <![CDATA[org.openqa.selenium.NoSuchElementException: Cannot locate an element using xpath=//a[contains(text(),'Sign Out')]
For documentation on this error, please visit: https://www.seleniumhq.org/exceptions/no_such_element.html
Build info: version: '3.141.59', revision: 'e82be7d358', time: '2018-11-14T08:17:03'
System info: host: 'DESKTOP-PB6R7TP', ip: '192.168.1.5', os.name: 'Windows 10', os.arch: 'amd64', os.version: '10.0', java.version: '15.0.2'
Driver info: driver.version: RemoteWebDriver
	at org.openqa.selenium.remote.RemoteWebDriver.findElement(RemoteWebDriver.java:327)
	at org.openqa.selenium.remote.RemoteWebDriver.findElementByXPath(RemoteWebDriver.java:428)
	at org.openqa.selenium.By$ByXPath.findElement(By.java:353)
	at org.openqa.selenium.remote.RemoteWebDriver.findElement(RemoteWebDriver.java:315)
	at org.openqa.selenium.support.pagefactory.DefaultElementLocator.findElement(DefaultElementLocator.java:69)
	at org.openqa.selenium.support.pagefactory.internal.LocatingElementHandler.invoke(LocatingElementHandler.java:38)
	at com.sun.proxy.$Proxy13.click(Unknown Source)
	at Mainclass.Main.signout(Main.java:168)
	at java.base/jdk.internal.reflect.NativeMethodAccessorImpl.invoke0(Native Method)
	at java.base/jdk.internal.reflect.NativeMethodAccessorImpl.invoke(NativeMethodAccessorImpl.java:64)
	at java.base/jdk.internal.reflect.DelegatingMethodAccessorImpl.invoke(DelegatingMethodAccessorImpl.java:43)
	at java.base/java.lang.reflect.Method.invoke(Method.java:564)
	at org.testng.internal.MethodInvocationHelper.invokeMethod(MethodInvocationHelper.java:80)
	at org.testng.internal.Invoker.invokeMethod(Invoker.java:714)
	at org.testng.internal.Invoker.invokeTestMethod(Invoker.java:901)
	at org.testng.internal.Invoker.invokeTestMethods(Invoker.java:1231)
	at org.testng.internal.TestMethodWorker.invokeTestMethods(TestMethodWorker.java:127)
	at org.testng.internal.TestMethodWorker.run(TestMethodWorker.java:111)
	at org.testng.TestRunner.privateRun(TestRunner.java:767)
	at org.testng.TestRunner.run(TestRunner.java:617)
	at org.testng.SuiteRunner.runTest(SuiteRunner.java:334)
	at org.testng.SuiteRunner.runSequentially(SuiteRunner.java:329)
	at org.testng.SuiteRunner.privateRun(SuiteRunner.java:291)
	at org.testng.SuiteRunner.run(SuiteRunner.java:240)
	at org.testng.SuiteRunnerWorker.runSuite(SuiteRunnerWorker.java:52)
	at org.testng.SuiteRunnerWorker.run(SuiteRunnerWorker.java:86)
	at org.testng.TestNG.runSuitesSequentially(TestNG.java:1198)
	at org.testng.TestNG.runSuitesLocally(TestNG.java:1123)
	at org.testng.TestNG.run(TestNG.java:1031)
	at org.testng.remote.AbstractRemoteTestNG.run(AbstractRemoteTestNG.java:115)
	at org.testng.remote.RemoteTestNG.initAndRun(RemoteTestNG.java:251)
	at org.testng.remote.RemoteTestNG.main(RemoteTestNG.java:77)
]]>
            </full-stacktrace>
          </exception> <!-- org.openqa.selenium.NoSuchElementException -->
          <reporter-output>
          </reporter-output>
        </test-method> <!-- signout -->
        <test-method signature="driverclose()[pri:0, instance:Mainclass.Main@235ecd9f]" started-at="2021-04-08T12:03:30Z" name="driverclose" finished-at="2021-04-08T12:03:31Z" duration-ms="733" status="PASS">
          <reporter-output>
          </reporter-output>
        </test-method> <!-- driverclose -->
        <test-method is-config="true" signature="endTest()[pri:0, instance:Mainclass.Main@235ecd9f]" started-at="2021-04-08T12:03:31Z" name="endTest" finished-at="2021-04-08T12:03:31Z" duration-ms="208" status="PASS">
          <reporter-output>
          </reporter-output>
        </test-method> <!-- endTest -->
      </class> <!-- Mainclass.Main -->
    </test> <!-- Default test -->
  </suite> <!-- Default suite -->
</testng-results>
